{"/Users/taniguchimana/workspace/hands_on/chapter7/todo-data-storage/app.js": {"path":"/Users/taniguchimana/workspace/hands_on/chapter7/todo-data-storage/app.js","statementMap":{"0":{"start":{"line":1,"column":16},"end":{"line":1,"column":34}},"1":{"start":{"line":2,"column":23},"end":{"line":2,"column":38}},"2":{"start":{"line":8,"column":20},"end":{"line":8,"column":44}},"3":{"start":{"line":10,"column":12},"end":{"line":10,"column":21}},"4":{"start":{"line":12,"column":0},"end":{"line":12,"column":23}},"5":{"start":{"line":15,"column":0},"end":{"line":22,"column":2}},"6":{"start":{"line":16,"column":2},"end":{"line":18,"column":3}},"7":{"start":{"line":17,"column":4},"end":{"line":17,"column":69}},"8":{"start":{"line":17,"column":48},"end":{"line":17,"column":63}},"9":{"start":{"line":20,"column":20},"end":{"line":20,"column":50}},"10":{"start":{"line":21,"column":2},"end":{"line":21,"column":77}},"11":{"start":{"line":21,"column":56},"end":{"line":21,"column":71}},"12":{"start":{"line":25,"column":0},"end":{"line":40,"column":2}},"13":{"start":{"line":26,"column":18},"end":{"line":26,"column":26}},"14":{"start":{"line":28,"column":2},"end":{"line":33,"column":3}},"15":{"start":{"line":30,"column":16},"end":{"line":30,"column":46}},"16":{"start":{"line":31,"column":4},"end":{"line":31,"column":24}},"17":{"start":{"line":32,"column":4},"end":{"line":32,"column":20}},"18":{"start":{"line":36,"column":15},"end":{"line":36,"column":54}},"19":{"start":{"line":39,"column":2},"end":{"line":39,"column":71}},"20":{"start":{"line":39,"column":38},"end":{"line":39,"column":64}},"21":{"start":{"line":44,"column":2},"end":{"line":54,"column":3}},"22":{"start":{"line":45,"column":4},"end":{"line":53,"column":12}},"23":{"start":{"line":47,"column":6},"end":{"line":49,"column":7}},"24":{"start":{"line":48,"column":8},"end":{"line":48,"column":29}},"25":{"start":{"line":50,"column":18},"end":{"line":50,"column":45}},"26":{"start":{"line":51,"column":6},"end":{"line":51,"column":26}},"27":{"start":{"line":52,"column":6},"end":{"line":52,"column":15}},"28":{"start":{"line":58,"column":0},"end":{"line":60,"column":34}},"29":{"start":{"line":63,"column":0},"end":{"line":72,"column":2}},"30":{"start":{"line":64,"column":2},"end":{"line":71,"column":10}},"31":{"start":{"line":65,"column":4},"end":{"line":67,"column":5}},"32":{"start":{"line":66,"column":6},"end":{"line":66,"column":34}},"33":{"start":{"line":68,"column":16},"end":{"line":68,"column":43}},"34":{"start":{"line":69,"column":4},"end":{"line":69,"column":24}},"35":{"start":{"line":70,"column":4},"end":{"line":70,"column":13}},"36":{"start":{"line":75,"column":0},"end":{"line":78,"column":2}},"37":{"start":{"line":76,"column":2},"end":{"line":76,"column":20}},"38":{"start":{"line":77,"column":2},"end":{"line":77,"column":62}},"39":{"start":{"line":80,"column":0},"end":{"line":80,"column":33}}},"fnMap":{"0":{"name":"(anonymous_0)","decl":{"start":{"line":15,"column":22},"end":{"line":15,"column":23}},"loc":{"start":{"line":15,"column":40},"end":{"line":22,"column":1}},"line":15},"1":{"name":"(anonymous_1)","decl":{"start":{"line":17,"column":39},"end":{"line":17,"column":40}},"loc":{"start":{"line":17,"column":48},"end":{"line":17,"column":63}},"line":17},"2":{"name":"(anonymous_2)","decl":{"start":{"line":21,"column":47},"end":{"line":21,"column":48}},"loc":{"start":{"line":21,"column":56},"end":{"line":21,"column":71}},"line":21},"3":{"name":"(anonymous_3)","decl":{"start":{"line":25,"column":23},"end":{"line":25,"column":24}},"loc":{"start":{"line":25,"column":41},"end":{"line":40,"column":1}},"line":25},"4":{"name":"(anonymous_4)","decl":{"start":{"line":39,"column":32},"end":{"line":39,"column":33}},"loc":{"start":{"line":39,"column":38},"end":{"line":39,"column":64}},"line":39},"5":{"name":"completedHandler","decl":{"start":{"line":43,"column":9},"end":{"line":43,"column":25}},"loc":{"start":{"line":43,"column":37},"end":{"line":55,"column":1}},"line":43},"6":{"name":"(anonymous_6)","decl":{"start":{"line":44,"column":8},"end":{"line":44,"column":9}},"loc":{"start":{"line":44,"column":26},"end":{"line":54,"column":3}},"line":44},"7":{"name":"(anonymous_7)","decl":{"start":{"line":46,"column":10},"end":{"line":46,"column":11}},"loc":{"start":{"line":46,"column":18},"end":{"line":53,"column":5}},"line":46},"8":{"name":"(anonymous_8)","decl":{"start":{"line":63,"column":29},"end":{"line":63,"column":30}},"loc":{"start":{"line":63,"column":47},"end":{"line":72,"column":1}},"line":63},"9":{"name":"(anonymous_9)","decl":{"start":{"line":64,"column":41},"end":{"line":64,"column":42}},"loc":{"start":{"line":64,"column":47},"end":{"line":71,"column":3}},"line":64},"10":{"name":"(anonymous_10)","decl":{"start":{"line":75,"column":8},"end":{"line":75,"column":9}},"loc":{"start":{"line":75,"column":30},"end":{"line":78,"column":1}},"line":75}},"branchMap":{"0":{"loc":{"start":{"line":16,"column":2},"end":{"line":18,"column":3}},"type":"if","locations":[{"start":{"line":16,"column":2},"end":{"line":18,"column":3}},{"start":{"line":16,"column":2},"end":{"line":18,"column":3}}],"line":16},"1":{"loc":{"start":{"line":28,"column":2},"end":{"line":33,"column":3}},"type":"if","locations":[{"start":{"line":28,"column":2},"end":{"line":33,"column":3}},{"start":{"line":28,"column":2},"end":{"line":33,"column":3}}],"line":28},"2":{"loc":{"start":{"line":28,"column":5},"end":{"line":28,"column":40}},"type":"binary-expr","locations":[{"start":{"line":28,"column":5},"end":{"line":28,"column":30}},{"start":{"line":28,"column":34},"end":{"line":28,"column":40}}],"line":28},"3":{"loc":{"start":{"line":47,"column":6},"end":{"line":49,"column":7}},"type":"if","locations":[{"start":{"line":47,"column":6},"end":{"line":49,"column":7}},{"start":{"line":47,"column":6},"end":{"line":49,"column":7}}],"line":47},"4":{"loc":{"start":{"line":65,"column":4},"end":{"line":67,"column":5}},"type":"if","locations":[{"start":{"line":65,"column":4},"end":{"line":67,"column":5}},{"start":{"line":65,"column":4},"end":{"line":67,"column":5}}],"line":65},"5":{"loc":{"start":{"line":77,"column":13},"end":{"line":77,"column":34}},"type":"binary-expr","locations":[{"start":{"line":77,"column":13},"end":{"line":77,"column":27}},{"start":{"line":77,"column":31},"end":{"line":77,"column":34}}],"line":77}},"s":{"0":1,"1":1,"2":1,"3":1,"4":1,"5":1,"6":5,"7":2,"8":1,"9":3,"10":3,"11":2,"12":1,"13":4,"14":4,"15":2,"16":2,"17":2,"18":2,"19":2,"20":1,"21":2,"22":6,"23":4,"24":2,"25":2,"26":2,"27":2,"28":1,"29":1,"30":3,"31":2,"32":1,"33":1,"34":1,"35":1,"36":1,"37":11,"38":11,"39":1},"f":{"0":5,"1":1,"2":2,"3":4,"4":1,"5":2,"6":6,"7":4,"8":3,"9":2,"10":11},"b":{"0":[2,3],"1":[2,2],"2":[4,3],"3":[2,2],"4":[1,1],"5":[11,6]},"_coverageSchema":"1a1c01bbd47fc00a2c39e90264f33305004495a9","hash":"273bcbc302e5747de632f6994a8be6dc1e569432"}
,"/Users/taniguchimana/workspace/hands_on/chapter7/todo-data-storage/file-system/index.js": {"path":"/Users/taniguchimana/workspace/hands_on/chapter7/todo-data-storage/file-system/index.js","statementMap":{"0":{"start":{"line":1,"column":20},"end":{"line":1,"column":35}},"1":{"start":{"line":2,"column":49},"end":{"line":2,"column":71}},"2":{"start":{"line":4,"column":0},"end":{"line":12,"column":1}},"3":{"start":{"line":6,"column":16},"end":{"line":7,"column":46}},"4":{"start":{"line":7,"column":20},"end":{"line":7,"column":45}},"5":{"start":{"line":8,"column":2},"end":{"line":11,"column":3}},"6":{"start":{"line":10,"column":6},"end":{"line":10,"column":63}},"7":{"start":{"line":14,"column":0},"end":{"line":17,"column":1}},"8":{"start":{"line":15,"column":2},"end":{"line":16,"column":64}},"9":{"start":{"line":16,"column":15},"end":{"line":16,"column":63}},"10":{"start":{"line":16,"column":34},"end":{"line":16,"column":62}},"11":{"start":{"line":19,"column":0},"end":{"line":21,"column":1}},"12":{"start":{"line":20,"column":2},"end":{"line":20,"column":72}},"13":{"start":{"line":23,"column":0},"end":{"line":38,"column":1}},"14":{"start":{"line":24,"column":19},"end":{"line":24,"column":44}},"15":{"start":{"line":25,"column":2},"end":{"line":37,"column":3}},"16":{"start":{"line":27,"column":19},"end":{"line":27,"column":38}},"17":{"start":{"line":28,"column":6},"end":{"line":30,"column":46}},"18":{"start":{"line":29,"column":8},"end":{"line":29,"column":33}},"19":{"start":{"line":30,"column":12},"end":{"line":30,"column":45}},"20":{"start":{"line":33,"column":6},"end":{"line":33,"column":71}},"21":{"start":{"line":33,"column":66},"end":{"line":33,"column":70}},"22":{"start":{"line":36,"column":11},"end":{"line":36,"column":61}},"23":{"start":{"line":40,"column":0},"end":{"line":47,"column":1}},"24":{"start":{"line":41,"column":2},"end":{"line":46,"column":3}},"25":{"start":{"line":43,"column":10},"end":{"line":43,"column":12}},"26":{"start":{"line":45,"column":11},"end":{"line":45,"column":61}}},"fnMap":{"0":{"name":"(anonymous_0)","decl":{"start":{"line":4,"column":19},"end":{"line":4,"column":20}},"loc":{"start":{"line":4,"column":30},"end":{"line":12,"column":1}},"line":4},"1":{"name":"(anonymous_1)","decl":{"start":{"line":7,"column":12},"end":{"line":7,"column":13}},"loc":{"start":{"line":7,"column":20},"end":{"line":7,"column":45}},"line":7},"2":{"name":"(anonymous_2)","decl":{"start":{"line":9,"column":14},"end":{"line":9,"column":15}},"loc":{"start":{"line":10,"column":6},"end":{"line":10,"column":63}},"line":10},"3":{"name":"(anonymous_3)","decl":{"start":{"line":14,"column":27},"end":{"line":14,"column":28}},"loc":{"start":{"line":14,"column":42},"end":{"line":17,"column":1}},"line":14},"4":{"name":"(anonymous_4)","decl":{"start":{"line":16,"column":8},"end":{"line":16,"column":9}},"loc":{"start":{"line":16,"column":15},"end":{"line":16,"column":63}},"line":16},"5":{"name":"(anonymous_5)","decl":{"start":{"line":16,"column":26},"end":{"line":16,"column":27}},"loc":{"start":{"line":16,"column":34},"end":{"line":16,"column":62}},"line":16},"6":{"name":"(anonymous_6)","decl":{"start":{"line":19,"column":17},"end":{"line":19,"column":18}},"loc":{"start":{"line":19,"column":27},"end":{"line":21,"column":1}},"line":19},"7":{"name":"(anonymous_7)","decl":{"start":{"line":23,"column":17},"end":{"line":23,"column":18}},"loc":{"start":{"line":23,"column":39},"end":{"line":38,"column":1}},"line":23},"8":{"name":"(anonymous_8)","decl":{"start":{"line":26,"column":4},"end":{"line":26,"column":5}},"loc":{"start":{"line":26,"column":15},"end":{"line":34,"column":5}},"line":26},"9":{"name":"(anonymous_9)","decl":{"start":{"line":33,"column":60},"end":{"line":33,"column":61}},"loc":{"start":{"line":33,"column":66},"end":{"line":33,"column":70}},"line":33},"10":{"name":"(anonymous_10)","decl":{"start":{"line":36,"column":4},"end":{"line":36,"column":5}},"loc":{"start":{"line":36,"column":11},"end":{"line":36,"column":61}},"line":36},"11":{"name":"(anonymous_11)","decl":{"start":{"line":40,"column":17},"end":{"line":40,"column":18}},"loc":{"start":{"line":40,"column":25},"end":{"line":47,"column":1}},"line":40},"12":{"name":"(anonymous_12)","decl":{"start":{"line":43,"column":4},"end":{"line":43,"column":5}},"loc":{"start":{"line":43,"column":10},"end":{"line":43,"column":12}},"line":43},"13":{"name":"(anonymous_13)","decl":{"start":{"line":45,"column":4},"end":{"line":45,"column":5}},"loc":{"start":{"line":45,"column":11},"end":{"line":45,"column":61}},"line":45}},"branchMap":{"0":{"loc":{"start":{"line":28,"column":6},"end":{"line":30,"column":46}},"type":"if","locations":[{"start":{"line":28,"column":6},"end":{"line":30,"column":46}},{"start":{"line":28,"column":6},"end":{"line":30,"column":46}}],"line":28},"1":{"loc":{"start":{"line":36,"column":11},"end":{"line":36,"column":61}},"type":"cond-expr","locations":[{"start":{"line":36,"column":35},"end":{"line":36,"column":39}},{"start":{"line":36,"column":42},"end":{"line":36,"column":61}}],"line":36},"2":{"loc":{"start":{"line":45,"column":11},"end":{"line":45,"column":61}},"type":"cond-expr","locations":[{"start":{"line":45,"column":35},"end":{"line":45,"column":39}},{"start":{"line":45,"column":42},"end":{"line":45,"column":61}}],"line":45}},"s":{"0":2,"1":2,"2":2,"3":22,"4":60,"5":22,"6":38,"7":2,"8":10,"9":10,"10":18,"11":2,"12":14,"13":2,"14":3,"15":3,"16":2,"17":2,"18":1,"19":1,"20":2,"21":2,"22":1,"23":2,"24":15,"25":14,"26":1},"f":{"0":22,"1":60,"2":38,"3":10,"4":10,"5":18,"6":14,"7":3,"8":2,"9":2,"10":1,"11":15,"12":14,"13":1},"b":{"0":[1,1],"1":[1,0],"2":[1,0]},"_coverageSchema":"1a1c01bbd47fc00a2c39e90264f33305004495a9","hash":"b99751ccc1cc569ec8cdffd8c63e52cc8cfe09b4"}
,"/Users/taniguchimana/workspace/hands_on/chapter7/todo-data-storage/leveldb/index.js": {"path":"/Users/taniguchimana/workspace/hands_on/chapter7/todo-data-storage/leveldb/index.js","statementMap":{"0":{"start":{"line":1,"column":14},"end":{"line":1,"column":30}},"1":{"start":{"line":2,"column":17},"end":{"line":2,"column":32}},"2":{"start":{"line":4,"column":11},"end":{"line":4,"column":44}},"3":{"start":{"line":6,"column":0},"end":{"line":12,"column":1}},"4":{"start":{"line":7,"column":17},"end":{"line":7,"column":19}},"5":{"start":{"line":8,"column":2},"end":{"line":10,"column":3}},"6":{"start":{"line":9,"column":4},"end":{"line":9,"column":30}},"7":{"start":{"line":11,"column":2},"end":{"line":11,"column":15}},"8":{"start":{"line":15,"column":0},"end":{"line":28,"column":1}},"9":{"start":{"line":16,"column":19},"end":{"line":16,"column":21}},"10":{"start":{"line":17,"column":2},"end":{"line":26,"column":3}},"11":{"start":{"line":23,"column":4},"end":{"line":25,"column":5}},"12":{"start":{"line":24,"column":41},"end":{"line":24,"column":58}},"13":{"start":{"line":27,"column":2},"end":{"line":27,"column":30}},"14":{"start":{"line":40,"column":0},"end":{"line":45,"column":10}},"15":{"start":{"line":40,"column":25},"end":{"line":45,"column":10}},"16":{"start":{"line":47,"column":0},"end":{"line":66,"column":3}},"17":{"start":{"line":48,"column":2},"end":{"line":66,"column":3}},"18":{"start":{"line":50,"column":22},"end":{"line":50,"column":41}},"19":{"start":{"line":51,"column":22},"end":{"line":54,"column":7}},"20":{"start":{"line":55,"column":18},"end":{"line":55,"column":71}},"21":{"start":{"line":57,"column":6},"end":{"line":61,"column":7}},"22":{"start":{"line":58,"column":8},"end":{"line":60,"column":63}},"23":{"start":{"line":62,"column":6},"end":{"line":62,"column":46}},"24":{"start":{"line":62,"column":38},"end":{"line":62,"column":45}},"25":{"start":{"line":65,"column":11},"end":{"line":65,"column":52}},"26":{"start":{"line":69,"column":0},"end":{"line":79,"column":3}},"27":{"start":{"line":70,"column":2},"end":{"line":79,"column":3}},"28":{"start":{"line":71,"column":15},"end":{"line":76,"column":21}},"29":{"start":{"line":76,"column":18},"end":{"line":76,"column":20}},"30":{"start":{"line":78,"column":11},"end":{"line":78,"column":52}}},"fnMap":{"0":{"name":"(anonymous_0)","decl":{"start":{"line":6,"column":19},"end":{"line":6,"column":20}},"loc":{"start":{"line":6,"column":31},"end":{"line":12,"column":1}},"line":6},"1":{"name":"(anonymous_1)","decl":{"start":{"line":15,"column":27},"end":{"line":15,"column":28}},"loc":{"start":{"line":15,"column":46},"end":{"line":28,"column":1}},"line":15},"2":{"name":"(anonymous_2)","decl":{"start":{"line":24,"column":32},"end":{"line":24,"column":33}},"loc":{"start":{"line":24,"column":41},"end":{"line":24,"column":58}},"line":24},"3":{"name":"(anonymous_3)","decl":{"start":{"line":40,"column":17},"end":{"line":40,"column":18}},"loc":{"start":{"line":40,"column":25},"end":{"line":45,"column":10}},"line":40},"4":{"name":"(anonymous_4)","decl":{"start":{"line":47,"column":17},"end":{"line":47,"column":18}},"loc":{"start":{"line":48,"column":2},"end":{"line":66,"column":3}},"line":48},"5":{"name":"(anonymous_5)","decl":{"start":{"line":49,"column":4},"end":{"line":49,"column":5}},"loc":{"start":{"line":49,"column":15},"end":{"line":63,"column":5}},"line":49},"6":{"name":"(anonymous_6)","decl":{"start":{"line":62,"column":32},"end":{"line":62,"column":33}},"loc":{"start":{"line":62,"column":38},"end":{"line":62,"column":45}},"line":62},"7":{"name":"(anonymous_7)","decl":{"start":{"line":65,"column":4},"end":{"line":65,"column":5}},"loc":{"start":{"line":65,"column":11},"end":{"line":65,"column":52}},"line":65},"8":{"name":"(anonymous_8)","decl":{"start":{"line":69,"column":17},"end":{"line":69,"column":18}},"loc":{"start":{"line":70,"column":2},"end":{"line":79,"column":3}},"line":70},"9":{"name":"(anonymous_9)","decl":{"start":{"line":71,"column":4},"end":{"line":71,"column":5}},"loc":{"start":{"line":71,"column":15},"end":{"line":76,"column":21}},"line":71},"10":{"name":"(anonymous_10)","decl":{"start":{"line":76,"column":12},"end":{"line":76,"column":13}},"loc":{"start":{"line":76,"column":18},"end":{"line":76,"column":20}},"line":76},"11":{"name":"(anonymous_11)","decl":{"start":{"line":78,"column":4},"end":{"line":78,"column":5}},"loc":{"start":{"line":78,"column":11},"end":{"line":78,"column":52}},"line":78}},"branchMap":{"0":{"loc":{"start":{"line":57,"column":6},"end":{"line":61,"column":7}},"type":"if","locations":[{"start":{"line":57,"column":6},"end":{"line":61,"column":7}},{"start":{"line":57,"column":6},"end":{"line":61,"column":7}}],"line":57},"1":{"loc":{"start":{"line":65,"column":11},"end":{"line":65,"column":52}},"type":"cond-expr","locations":[{"start":{"line":65,"column":26},"end":{"line":65,"column":30}},{"start":{"line":65,"column":33},"end":{"line":65,"column":52}}],"line":65},"2":{"loc":{"start":{"line":78,"column":11},"end":{"line":78,"column":52}},"type":"cond-expr","locations":[{"start":{"line":78,"column":26},"end":{"line":78,"column":30}},{"start":{"line":78,"column":33},"end":{"line":78,"column":52}}],"line":78}},"s":{"0":1,"1":1,"2":1,"3":1,"4":12,"5":12,"6":20,"7":12,"8":1,"9":10,"10":10,"11":9,"12":9,"13":10,"14":1,"15":14,"16":1,"17":3,"18":2,"19":2,"20":2,"21":2,"22":1,"23":2,"24":2,"25":1,"26":1,"27":15,"28":14,"29":14,"30":1},"f":{"0":12,"1":10,"2":9,"3":14,"4":3,"5":2,"6":2,"7":1,"8":15,"9":14,"10":14,"11":1},"b":{"0":[1,1],"1":[1,0],"2":[1,0]},"_coverageSchema":"1a1c01bbd47fc00a2c39e90264f33305004495a9","hash":"e5cda7c4ccfc124c944afa29e5df2ae986f1985f"}
,"/Users/taniguchimana/workspace/hands_on/chapter7/todo-data-storage/sqlite/index.js": {"path":"/Users/taniguchimana/workspace/hands_on/chapter7/todo-data-storage/sqlite/index.js","statementMap":{"0":{"start":{"line":1,"column":20},"end":{"line":1,"column":35}},"1":{"start":{"line":2,"column":15},"end":{"line":2,"column":30}},"2":{"start":{"line":3,"column":16},"end":{"line":6,"column":32}},"3":{"start":{"line":9,"column":11},"end":{"line":9,"column":58}},"4":{"start":{"line":12,"column":14},"end":{"line":12,"column":40}},"5":{"start":{"line":16,"column":14},"end":{"line":29,"column":1}},"6":{"start":{"line":17,"column":2},"end":{"line":28,"column":4}},"7":{"start":{"line":22,"column":4},"end":{"line":27,"column":6}},"8":{"start":{"line":25,"column":8},"end":{"line":25,"column":41}},"9":{"start":{"line":31,"column":14},"end":{"line":31,"column":40}},"10":{"start":{"line":36,"column":0},"end":{"line":44,"column":2}},"11":{"start":{"line":42,"column":2},"end":{"line":42,"column":20}},"12":{"start":{"line":43,"column":2},"end":{"line":43,"column":17}},"13":{"start":{"line":51,"column":2},"end":{"line":51,"column":45}},"14":{"start":{"line":55,"column":0},"end":{"line":56,"column":63}},"15":{"start":{"line":56,"column":2},"end":{"line":56,"column":63}},"16":{"start":{"line":56,"column":43},"end":{"line":56,"column":62}},"17":{"start":{"line":60,"column":0},"end":{"line":62,"column":38}},"18":{"start":{"line":61,"column":2},"end":{"line":62,"column":38}},"19":{"start":{"line":62,"column":18},"end":{"line":62,"column":37}},"20":{"start":{"line":66,"column":0},"end":{"line":73,"column":1}},"21":{"start":{"line":67,"column":2},"end":{"line":72,"column":3}},"22":{"start":{"line":76,"column":0},"end":{"line":92,"column":1}},"23":{"start":{"line":77,"column":21},"end":{"line":77,"column":23}},"24":{"start":{"line":78,"column":17},"end":{"line":78,"column":19}},"25":{"start":{"line":79,"column":2},"end":{"line":84,"column":3}},"26":{"start":{"line":80,"column":4},"end":{"line":83,"column":5}},"27":{"start":{"line":81,"column":6},"end":{"line":81,"column":38}},"28":{"start":{"line":82,"column":6},"end":{"line":82,"column":33}},"29":{"start":{"line":85,"column":2},"end":{"line":85,"column":17}},"30":{"start":{"line":87,"column":2},"end":{"line":91,"column":5}},"31":{"start":{"line":88,"column":25},"end":{"line":90,"column":12}},"32":{"start":{"line":95,"column":0},"end":{"line":96,"column":49}},"33":{"start":{"line":95,"column":23},"end":{"line":96,"column":49}},"34":{"start":{"line":96,"column":23},"end":{"line":96,"column":48}}},"fnMap":{"0":{"name":"(anonymous_0)","decl":{"start":{"line":16,"column":14},"end":{"line":16,"column":15}},"loc":{"start":{"line":16,"column":24},"end":{"line":29,"column":1}},"line":16},"1":{"name":"(anonymous_1)","decl":{"start":{"line":17,"column":21},"end":{"line":17,"column":22}},"loc":{"start":{"line":17,"column":41},"end":{"line":28,"column":3}},"line":17},"2":{"name":"(anonymous_2)","decl":{"start":{"line":24,"column":6},"end":{"line":24,"column":7}},"loc":{"start":{"line":24,"column":19},"end":{"line":26,"column":7}},"line":24},"3":{"name":"(anonymous_3)","decl":{"start":{"line":40,"column":10},"end":{"line":40,"column":11}},"loc":{"start":{"line":40,"column":17},"end":{"line":44,"column":1}},"line":40},"4":{"name":"rowToToDo","decl":{"start":{"line":50,"column":9},"end":{"line":50,"column":18}},"loc":{"start":{"line":50,"column":24},"end":{"line":52,"column":1}},"line":50},"5":{"name":"(anonymous_5)","decl":{"start":{"line":55,"column":19},"end":{"line":55,"column":20}},"loc":{"start":{"line":56,"column":2},"end":{"line":56,"column":63}},"line":56},"6":{"name":"(anonymous_6)","decl":{"start":{"line":56,"column":35},"end":{"line":56,"column":36}},"loc":{"start":{"line":56,"column":43},"end":{"line":56,"column":62}},"line":56},"7":{"name":"(anonymous_7)","decl":{"start":{"line":60,"column":27},"end":{"line":60,"column":28}},"loc":{"start":{"line":61,"column":2},"end":{"line":62,"column":38}},"line":61},"8":{"name":"(anonymous_8)","decl":{"start":{"line":62,"column":10},"end":{"line":62,"column":11}},"loc":{"start":{"line":62,"column":18},"end":{"line":62,"column":37}},"line":62},"9":{"name":"(anonymous_9)","decl":{"start":{"line":66,"column":17},"end":{"line":66,"column":18}},"loc":{"start":{"line":66,"column":31},"end":{"line":73,"column":1}},"line":66},"10":{"name":"(anonymous_10)","decl":{"start":{"line":76,"column":17},"end":{"line":76,"column":18}},"loc":{"start":{"line":76,"column":32},"end":{"line":92,"column":1}},"line":76},"11":{"name":"(anonymous_11)","decl":{"start":{"line":88,"column":10},"end":{"line":88,"column":11}},"loc":{"start":{"line":88,"column":25},"end":{"line":90,"column":12}},"line":88},"12":{"name":"(anonymous_12)","decl":{"start":{"line":95,"column":17},"end":{"line":95,"column":18}},"loc":{"start":{"line":95,"column":23},"end":{"line":96,"column":49}},"line":95},"13":{"name":"(anonymous_13)","decl":{"start":{"line":96,"column":8},"end":{"line":96,"column":9}},"loc":{"start":{"line":96,"column":23},"end":{"line":96,"column":48}},"line":96}},"branchMap":{"0":{"loc":{"start":{"line":3,"column":16},"end":{"line":6,"column":32}},"type":"cond-expr","locations":[{"start":{"line":4,"column":4},"end":{"line":4,"column":22}},{"start":{"line":6,"column":4},"end":{"line":6,"column":32}}],"line":3},"1":{"loc":{"start":{"line":25,"column":8},"end":{"line":25,"column":41}},"type":"cond-expr","locations":[{"start":{"line":25,"column":14},"end":{"line":25,"column":25}},{"start":{"line":25,"column":28},"end":{"line":25,"column":41}}],"line":25},"2":{"loc":{"start":{"line":80,"column":4},"end":{"line":83,"column":5}},"type":"if","locations":[{"start":{"line":80,"column":4},"end":{"line":83,"column":5}},{"start":{"line":80,"column":4},"end":{"line":83,"column":5}}],"line":80},"3":{"loc":{"start":{"line":88,"column":25},"end":{"line":90,"column":12}},"type":"cond-expr","locations":[{"start":{"line":89,"column":8},"end":{"line":89,"column":68}},{"start":{"line":90,"column":8},"end":{"line":90,"column":12}}],"line":88},"4":{"loc":{"start":{"line":96,"column":23},"end":{"line":96,"column":48}},"type":"cond-expr","locations":[{"start":{"line":96,"column":39},"end":{"line":96,"column":41}},{"start":{"line":96,"column":44},"end":{"line":96,"column":48}}],"line":96}},"s":{"0":1,"1":1,"2":1,"3":1,"4":1,"5":1,"6":33,"7":33,"8":33,"9":1,"10":1,"11":0,"12":0,"13":31,"14":1,"15":12,"16":12,"17":1,"18":10,"19":10,"20":1,"21":14,"22":1,"23":3,"24":3,"25":3,"26":6,"27":3,"28":3,"29":3,"30":3,"31":3,"32":1,"33":15,"34":15},"f":{"0":33,"1":33,"2":33,"3":0,"4":31,"5":12,"6":12,"7":10,"8":10,"9":14,"10":3,"11":3,"12":15,"13":15},"b":{"0":[0,1],"1":[0,33],"2":[3,3],"3":[2,1],"4":[14,1]},"_coverageSchema":"1a1c01bbd47fc00a2c39e90264f33305004495a9","hash":"f8c4a8b7c2b031a8ecccab912f685cb0678a7a32"}
}
