TN:
SF:app.js
FN:15,(anonymous_0)
FN:17,(anonymous_1)
FN:21,(anonymous_2)
FN:25,(anonymous_3)
FN:39,(anonymous_4)
FN:43,completedHandler
FN:44,(anonymous_6)
FN:46,(anonymous_7)
FN:63,(anonymous_8)
FN:64,(anonymous_9)
FN:75,(anonymous_10)
FNF:11
FNH:11
FNDA:5,(anonymous_0)
FNDA:1,(anonymous_1)
FNDA:2,(anonymous_2)
FNDA:4,(anonymous_3)
FNDA:1,(anonymous_4)
FNDA:2,completedHandler
FNDA:6,(anonymous_6)
FNDA:4,(anonymous_7)
FNDA:3,(anonymous_8)
FNDA:2,(anonymous_9)
FNDA:11,(anonymous_10)
DA:1,1
DA:2,1
DA:8,1
DA:10,1
DA:12,1
DA:15,1
DA:16,5
DA:17,2
DA:20,3
DA:21,3
DA:25,1
DA:26,4
DA:28,4
DA:30,2
DA:31,2
DA:32,2
DA:36,2
DA:39,2
DA:44,2
DA:45,6
DA:47,4
DA:48,2
DA:50,2
DA:51,2
DA:52,2
DA:58,1
DA:63,1
DA:64,3
DA:65,2
DA:66,1
DA:68,1
DA:69,1
DA:70,1
DA:75,1
DA:76,11
DA:77,11
DA:80,1
LF:37
LH:37
BRDA:16,0,0,2
BRDA:16,0,1,3
BRDA:28,1,0,2
BRDA:28,1,1,2
BRDA:28,2,0,4
BRDA:28,2,1,3
BRDA:47,3,0,2
BRDA:47,3,1,2
BRDA:65,4,0,1
BRDA:65,4,1,1
BRDA:77,5,0,11
BRDA:77,5,1,6
BRF:12
BRH:12
end_of_record
TN:
SF:file-system/index.js
FN:4,(anonymous_0)
FN:7,(anonymous_1)
FN:9,(anonymous_2)
FN:14,(anonymous_3)
FN:16,(anonymous_4)
FN:16,(anonymous_5)
FN:19,(anonymous_6)
FN:23,(anonymous_7)
FN:26,(anonymous_8)
FN:33,(anonymous_9)
FN:36,(anonymous_10)
FN:40,(anonymous_11)
FN:43,(anonymous_12)
FN:45,(anonymous_13)
FNF:14
FNH:14
FNDA:22,(anonymous_0)
FNDA:60,(anonymous_1)
FNDA:38,(anonymous_2)
FNDA:10,(anonymous_3)
FNDA:10,(anonymous_4)
FNDA:18,(anonymous_5)
FNDA:14,(anonymous_6)
FNDA:3,(anonymous_7)
FNDA:2,(anonymous_8)
FNDA:2,(anonymous_9)
FNDA:1,(anonymous_10)
FNDA:15,(anonymous_11)
FNDA:14,(anonymous_12)
FNDA:1,(anonymous_13)
DA:1,2
DA:2,2
DA:4,2
DA:6,22
DA:7,60
DA:8,22
DA:10,38
DA:14,2
DA:15,10
DA:16,18
DA:19,2
DA:20,14
DA:23,2
DA:24,3
DA:25,3
DA:27,2
DA:28,2
DA:29,1
DA:30,1
DA:33,2
DA:36,1
DA:40,2
DA:41,15
DA:43,14
DA:45,1
LF:25
LH:25
BRDA:28,0,0,1
BRDA:28,0,1,1
BRDA:36,1,0,1
BRDA:36,1,1,0
BRDA:45,2,0,1
BRDA:45,2,1,0
BRF:6
BRH:4
end_of_record
TN:
SF:leveldb/index.js
FN:6,(anonymous_0)
FN:15,(anonymous_1)
FN:24,(anonymous_2)
FN:40,(anonymous_3)
FN:47,(anonymous_4)
FN:49,(anonymous_5)
FN:62,(anonymous_6)
FN:65,(anonymous_7)
FN:69,(anonymous_8)
FN:71,(anonymous_9)
FN:76,(anonymous_10)
FN:78,(anonymous_11)
FNF:12
FNH:12
FNDA:12,(anonymous_0)
FNDA:10,(anonymous_1)
FNDA:9,(anonymous_2)
FNDA:14,(anonymous_3)
FNDA:3,(anonymous_4)
FNDA:2,(anonymous_5)
FNDA:2,(anonymous_6)
FNDA:1,(anonymous_7)
FNDA:15,(anonymous_8)
FNDA:14,(anonymous_9)
FNDA:14,(anonymous_10)
FNDA:1,(anonymous_11)
DA:1,1
DA:2,1
DA:4,1
DA:6,1
DA:7,12
DA:8,12
DA:9,20
DA:11,12
DA:15,1
DA:16,10
DA:17,10
DA:23,9
DA:24,9
DA:27,10
DA:40,14
DA:47,1
DA:48,3
DA:50,2
DA:51,2
DA:55,2
DA:57,2
DA:58,1
DA:62,2
DA:65,1
DA:69,1
DA:70,15
DA:71,14
DA:76,14
DA:78,1
LF:29
LH:29
BRDA:57,0,0,1
BRDA:57,0,1,1
BRDA:65,1,0,1
BRDA:65,1,1,0
BRDA:78,2,0,1
BRDA:78,2,1,0
BRF:6
BRH:4
end_of_record
TN:
SF:sqlite/index.js
FN:16,(anonymous_0)
FN:17,(anonymous_1)
FN:24,(anonymous_2)
FN:40,(anonymous_3)
FN:50,rowToToDo
FN:55,(anonymous_5)
FN:56,(anonymous_6)
FN:60,(anonymous_7)
FN:62,(anonymous_8)
FN:66,(anonymous_9)
FN:76,(anonymous_10)
FN:88,(anonymous_11)
FN:95,(anonymous_12)
FN:96,(anonymous_13)
FNF:14
FNH:13
FNDA:33,(anonymous_0)
FNDA:33,(anonymous_1)
FNDA:33,(anonymous_2)
FNDA:0,(anonymous_3)
FNDA:31,rowToToDo
FNDA:12,(anonymous_5)
FNDA:12,(anonymous_6)
FNDA:10,(anonymous_7)
FNDA:10,(anonymous_8)
FNDA:14,(anonymous_9)
FNDA:3,(anonymous_10)
FNDA:3,(anonymous_11)
FNDA:15,(anonymous_12)
FNDA:15,(anonymous_13)
DA:1,1
DA:2,1
DA:3,1
DA:9,1
DA:12,1
DA:16,1
DA:17,33
DA:22,33
DA:25,33
DA:31,1
DA:36,1
DA:42,0
DA:43,0
DA:51,31
DA:55,1
DA:56,12
DA:60,1
DA:61,10
DA:62,10
DA:66,1
DA:67,14
DA:76,1
DA:77,3
DA:78,3
DA:79,3
DA:80,6
DA:81,3
DA:82,3
DA:85,3
DA:87,3
DA:88,3
DA:95,15
DA:96,15
LF:33
LH:31
BRDA:3,0,0,0
BRDA:3,0,1,1
BRDA:25,1,0,0
BRDA:25,1,1,33
BRDA:80,2,0,3
BRDA:80,2,1,3
BRDA:88,3,0,2
BRDA:88,3,1,1
BRDA:96,4,0,14
BRDA:96,4,1,1
BRF:10
BRH:8
end_of_record
