<?xml version="1.0" encoding="UTF-8"?>
<coverage generated="1610354552959" clover="3.2.0">
  <project timestamp="1610354552959" name="All files">
    <metrics statements="107" coveredstatements="99" conditionals="43" coveredconditionals="38" methods="32" coveredmethods="31" elements="182" coveredelements="168" complexity="0" loc="107" ncloc="107" packages="3" files="3" classes="3"/>
    <package name="user-data-storage">
      <metrics statements="51" coveredstatements="46" conditionals="12" coveredconditionals="11" methods="11" coveredmethods="11"/>
      <file name="app.js" path="/Users/taniguchimana/workspace/hands_on/chapter7/user-data-storage/app.js">
        <metrics statements="51" coveredstatements="46" conditionals="12" coveredconditionals="11" methods="11" coveredmethods="11"/>
        <line num="1" count="1" type="stmt"/>
        <line num="2" count="1" type="stmt"/>
        <line num="3" count="1" type="stmt"/>
        <line num="5" count="1" type="stmt"/>
        <line num="6" count="1" type="stmt"/>
        <line num="7" count="1" type="stmt"/>
        <line num="10" count="1" type="stmt"/>
        <line num="11" count="6" type="cond" truecount="2" falsecount="0"/>
        <line num="12" count="2" type="stmt"/>
        <line num="14" count="2" type="stmt"/>
        <line num="15" count="1" type="cond" truecount="1" falsecount="1"/>
        <line num="16" count="0" type="stmt"/>
        <line num="17" count="0" type="stmt"/>
        <line num="18" count="0" type="stmt"/>
        <line num="20" count="1" type="stmt"/>
        <line num="23" count="4" type="cond" truecount="2" falsecount="0"/>
        <line num="24" count="2" type="stmt"/>
        <line num="26" count="2" type="stmt"/>
        <line num="28" count="2" type="stmt"/>
        <line num="32" count="1" type="stmt"/>
        <line num="33" count="6" type="stmt"/>
        <line num="34" count="6" type="stmt"/>
        <line num="36" count="6" type="stmt"/>
        <line num="37" count="6" type="stmt"/>
        <line num="39" count="4" type="stmt"/>
        <line num="40" count="4" type="stmt"/>
        <line num="42" count="2" type="stmt"/>
        <line num="46" count="1" type="stmt"/>
        <line num="47" count="3" type="stmt"/>
        <line num="53" count="3" type="stmt"/>
        <line num="54" count="3" type="stmt"/>
        <line num="56" count="0" type="stmt"/>
        <line num="57" count="0" type="stmt"/>
        <line num="60" count="3" type="stmt"/>
        <line num="62" count="2" type="cond" truecount="2" falsecount="0"/>
        <line num="63" count="1" type="stmt"/>
        <line num="65" count="1" type="stmt"/>
        <line num="67" count="1" type="stmt"/>
        <line num="68" count="1" type="stmt"/>
        <line num="69" count="1" type="stmt"/>
        <line num="74" count="1" type="stmt"/>
        <line num="75" count="3" type="stmt"/>
        <line num="76" count="2" type="cond" truecount="2" falsecount="0"/>
        <line num="77" count="1" type="stmt"/>
        <line num="79" count="1" type="stmt"/>
        <line num="80" count="1" type="stmt"/>
        <line num="81" count="1" type="stmt"/>
        <line num="88" count="1" type="stmt"/>
        <line num="89" count="12" type="stmt"/>
        <line num="90" count="12" type="cond" truecount="2" falsecount="0"/>
        <line num="93" count="1" type="stmt"/>
      </file>
    </package>
    <package name="user-data-storage.models">
      <metrics statements="18" coveredstatements="17" conditionals="21" coveredconditionals="19" methods="3" coveredmethods="3"/>
      <file name="user.js" path="/Users/taniguchimana/workspace/hands_on/chapter7/user-data-storage/models/user.js">
        <metrics statements="18" coveredstatements="17" conditionals="21" coveredconditionals="19" methods="3" coveredmethods="3"/>
        <line num="1" count="3" type="stmt"/>
        <line num="5" count="45" type="stmt"/>
        <line num="6" count="45" type="stmt"/>
        <line num="7" count="45" type="stmt"/>
        <line num="8" count="45" type="stmt"/>
        <line num="9" count="45" type="stmt"/>
        <line num="13" count="6" type="stmt"/>
        <line num="17" count="9" type="cond" truecount="3" falsecount="1"/>
        <line num="18" count="0" type="stmt"/>
        <line num="20" count="9" type="cond" truecount="4" falsecount="0"/>
        <line num="21" count="1" type="stmt"/>
        <line num="23" count="8" type="cond" truecount="4" falsecount="0"/>
        <line num="24" count="1" type="stmt"/>
        <line num="26" count="7" type="cond" truecount="4" falsecount="0"/>
        <line num="27" count="1" type="stmt"/>
        <line num="29" count="6" type="cond" truecount="4" falsecount="0"/>
        <line num="30" count="1" type="stmt"/>
        <line num="35" count="3" type="stmt"/>
      </file>
    </package>
    <package name="user-data-storage.sqlite">
      <metrics statements="38" coveredstatements="36" conditionals="10" coveredconditionals="8" methods="18" coveredmethods="17"/>
      <file name="index.js" path="/Users/taniguchimana/workspace/hands_on/chapter7/user-data-storage/sqlite/index.js">
        <metrics statements="38" coveredstatements="36" conditionals="10" coveredconditionals="8" methods="18" coveredmethods="17"/>
        <line num="1" count="2" type="stmt"/>
        <line num="2" count="2" type="stmt"/>
        <line num="3" count="2" type="stmt"/>
        <line num="5" count="2" type="cond" truecount="1" falsecount="1"/>
        <line num="10" count="2" type="stmt"/>
        <line num="14" count="2" type="stmt"/>
        <line num="15" count="2" type="stmt"/>
        <line num="16" count="2" type="stmt"/>
        <line num="17" count="43" type="stmt"/>
        <line num="18" count="43" type="stmt"/>
        <line num="21" count="43" type="cond" truecount="1" falsecount="1"/>
        <line num="28" count="2" type="stmt"/>
        <line num="36" count="0" type="stmt"/>
        <line num="37" count="0" type="stmt"/>
        <line num="42" count="36" type="stmt"/>
        <line num="47" count="2" type="stmt"/>
        <line num="48" count="13" type="stmt"/>
        <line num="55" count="2" type="stmt"/>
        <line num="57" count="2" type="stmt"/>
        <line num="59" count="2" type="stmt"/>
        <line num="64" count="2" type="stmt"/>
        <line num="65" count="7" type="stmt"/>
        <line num="66" count="7" type="stmt"/>
        <line num="69" count="2" type="stmt"/>
        <line num="70" count="18" type="stmt"/>
        <line num="80" count="2" type="stmt"/>
        <line num="81" count="4" type="stmt"/>
        <line num="82" count="4" type="stmt"/>
        <line num="84" count="4" type="stmt"/>
        <line num="85" count="16" type="cond" truecount="2" falsecount="0"/>
        <line num="86" count="14" type="stmt"/>
        <line num="87" count="14" type="stmt"/>
        <line num="90" count="4" type="stmt"/>
        <line num="95" count="4" type="stmt"/>
        <line num="96" count="4" type="cond" truecount="2" falsecount="0"/>
        <line num="97" count="3" type="stmt"/>
        <line num="102" count="19" type="stmt"/>
        <line num="103" count="19" type="cond" truecount="2" falsecount="0"/>
      </file>
    </package>
  </project>
</coverage>
