{"/Users/taniguchimana/workspace/hands_on/chapter7/user-data-storage/app.js": {"path":"/Users/taniguchimana/workspace/hands_on/chapter7/user-data-storage/app.js","statementMap":{"0":{"start":{"line":1,"column":17},"end":{"line":1,"column":35}},"1":{"start":{"line":2,"column":23},"end":{"line":2,"column":38}},"2":{"start":{"line":3,"column":13},"end":{"line":3,"column":37}},"3":{"start":{"line":5,"column":20},"end":{"line":5,"column":39}},"4":{"start":{"line":6,"column":12},"end":{"line":6,"column":22}},"5":{"start":{"line":7,"column":0},"end":{"line":7,"column":24}},"6":{"start":{"line":10,"column":0},"end":{"line":29,"column":2}},"7":{"start":{"line":11,"column":2},"end":{"line":22,"column":3}},"8":{"start":{"line":12,"column":15},"end":{"line":12,"column":27}},"9":{"start":{"line":14,"column":4},"end":{"line":21,"column":14}},"10":{"start":{"line":15,"column":6},"end":{"line":19,"column":7}},"11":{"start":{"line":16,"column":20},"end":{"line":16,"column":50}},"12":{"start":{"line":17,"column":8},"end":{"line":17,"column":29}},"13":{"start":{"line":18,"column":8},"end":{"line":18,"column":18}},"14":{"start":{"line":20,"column":6},"end":{"line":20,"column":21}},"15":{"start":{"line":23,"column":2},"end":{"line":27,"column":3}},"16":{"start":{"line":24,"column":16},"end":{"line":24,"column":29}},"17":{"start":{"line":26,"column":4},"end":{"line":26,"column":76}},"18":{"start":{"line":26,"column":53},"end":{"line":26,"column":68}},"19":{"start":{"line":28,"column":2},"end":{"line":28,"column":62}},"20":{"start":{"line":28,"column":39},"end":{"line":28,"column":54}},"21":{"start":{"line":32,"column":0},"end":{"line":43,"column":2}},"22":{"start":{"line":33,"column":15},"end":{"line":33,"column":33}},"23":{"start":{"line":34,"column":2},"end":{"line":41,"column":3}},"24":{"start":{"line":36,"column":4},"end":{"line":36,"column":17}},"25":{"start":{"line":37,"column":4},"end":{"line":37,"column":20}},"26":{"start":{"line":39,"column":4},"end":{"line":39,"column":24}},"27":{"start":{"line":40,"column":4},"end":{"line":40,"column":20}},"28":{"start":{"line":42,"column":2},"end":{"line":42,"column":71}},"29":{"start":{"line":42,"column":38},"end":{"line":42,"column":64}},"30":{"start":{"line":46,"column":0},"end":{"line":71,"column":2}},"31":{"start":{"line":47,"column":15},"end":{"line":52,"column":4}},"32":{"start":{"line":53,"column":2},"end":{"line":58,"column":3}},"33":{"start":{"line":54,"column":4},"end":{"line":54,"column":20}},"34":{"start":{"line":56,"column":4},"end":{"line":56,"column":24}},"35":{"start":{"line":57,"column":4},"end":{"line":57,"column":20}},"36":{"start":{"line":60,"column":2},"end":{"line":70,"column":12}},"37":{"start":{"line":62,"column":4},"end":{"line":64,"column":5}},"38":{"start":{"line":63,"column":6},"end":{"line":63,"column":39}},"39":{"start":{"line":65,"column":4},"end":{"line":65,"column":36}},"40":{"start":{"line":67,"column":16},"end":{"line":67,"column":43}},"41":{"start":{"line":68,"column":4},"end":{"line":68,"column":24}},"42":{"start":{"line":69,"column":4},"end":{"line":69,"column":13}},"43":{"start":{"line":74,"column":0},"end":{"line":83,"column":4}},"44":{"start":{"line":75,"column":2},"end":{"line":82,"column":12}},"45":{"start":{"line":76,"column":4},"end":{"line":78,"column":5}},"46":{"start":{"line":77,"column":6},"end":{"line":77,"column":34}},"47":{"start":{"line":79,"column":16},"end":{"line":79,"column":43}},"48":{"start":{"line":80,"column":4},"end":{"line":80,"column":24}},"49":{"start":{"line":81,"column":4},"end":{"line":81,"column":13}},"50":{"start":{"line":88,"column":0},"end":{"line":91,"column":2}},"51":{"start":{"line":89,"column":2},"end":{"line":89,"column":20}},"52":{"start":{"line":90,"column":2},"end":{"line":90,"column":62}},"53":{"start":{"line":93,"column":0},"end":{"line":93,"column":33}}},"fnMap":{"0":{"name":"(anonymous_0)","decl":{"start":{"line":10,"column":21},"end":{"line":10,"column":22}},"loc":{"start":{"line":10,"column":39},"end":{"line":29,"column":1}},"line":10},"1":{"name":"(anonymous_1)","decl":{"start":{"line":14,"column":42},"end":{"line":14,"column":43}},"loc":{"start":{"line":14,"column":51},"end":{"line":21,"column":6}},"line":14},"2":{"name":"(anonymous_2)","decl":{"start":{"line":26,"column":44},"end":{"line":26,"column":45}},"loc":{"start":{"line":26,"column":53},"end":{"line":26,"column":68}},"line":26},"3":{"name":"(anonymous_3)","decl":{"start":{"line":28,"column":30},"end":{"line":28,"column":31}},"loc":{"start":{"line":28,"column":39},"end":{"line":28,"column":54}},"line":28},"4":{"name":"(anonymous_4)","decl":{"start":{"line":32,"column":23},"end":{"line":32,"column":24}},"loc":{"start":{"line":32,"column":41},"end":{"line":43,"column":1}},"line":32},"5":{"name":"(anonymous_5)","decl":{"start":{"line":42,"column":32},"end":{"line":42,"column":33}},"loc":{"start":{"line":42,"column":38},"end":{"line":42,"column":64}},"line":42},"6":{"name":"(anonymous_6)","decl":{"start":{"line":46,"column":25},"end":{"line":46,"column":26}},"loc":{"start":{"line":46,"column":43},"end":{"line":71,"column":1}},"line":46},"7":{"name":"(anonymous_7)","decl":{"start":{"line":61,"column":8},"end":{"line":61,"column":9}},"loc":{"start":{"line":61,"column":20},"end":{"line":70,"column":5}},"line":61},"8":{"name":"(anonymous_8)","decl":{"start":{"line":74,"column":28},"end":{"line":74,"column":29}},"loc":{"start":{"line":74,"column":47},"end":{"line":83,"column":3}},"line":74},"9":{"name":"(anonymous_9)","decl":{"start":{"line":75,"column":41},"end":{"line":75,"column":42}},"loc":{"start":{"line":75,"column":47},"end":{"line":82,"column":5}},"line":75},"10":{"name":"(anonymous_10)","decl":{"start":{"line":88,"column":8},"end":{"line":88,"column":9}},"loc":{"start":{"line":88,"column":30},"end":{"line":91,"column":1}},"line":88}},"branchMap":{"0":{"loc":{"start":{"line":11,"column":2},"end":{"line":22,"column":3}},"type":"if","locations":[{"start":{"line":11,"column":2},"end":{"line":22,"column":3}},{"start":{"line":11,"column":2},"end":{"line":22,"column":3}}],"line":11},"1":{"loc":{"start":{"line":15,"column":6},"end":{"line":19,"column":7}},"type":"if","locations":[{"start":{"line":15,"column":6},"end":{"line":19,"column":7}},{"start":{"line":15,"column":6},"end":{"line":19,"column":7}}],"line":15},"2":{"loc":{"start":{"line":23,"column":2},"end":{"line":27,"column":3}},"type":"if","locations":[{"start":{"line":23,"column":2},"end":{"line":27,"column":3}},{"start":{"line":23,"column":2},"end":{"line":27,"column":3}}],"line":23},"3":{"loc":{"start":{"line":62,"column":4},"end":{"line":64,"column":5}},"type":"if","locations":[{"start":{"line":62,"column":4},"end":{"line":64,"column":5}},{"start":{"line":62,"column":4},"end":{"line":64,"column":5}}],"line":62},"4":{"loc":{"start":{"line":76,"column":4},"end":{"line":78,"column":5}},"type":"if","locations":[{"start":{"line":76,"column":4},"end":{"line":78,"column":5}},{"start":{"line":76,"column":4},"end":{"line":78,"column":5}}],"line":76},"5":{"loc":{"start":{"line":90,"column":13},"end":{"line":90,"column":34}},"type":"binary-expr","locations":[{"start":{"line":90,"column":13},"end":{"line":90,"column":27}},{"start":{"line":90,"column":31},"end":{"line":90,"column":34}}],"line":90}},"s":{"0":1,"1":1,"2":1,"3":1,"4":1,"5":1,"6":1,"7":6,"8":2,"9":2,"10":1,"11":0,"12":0,"13":0,"14":1,"15":4,"16":2,"17":2,"18":1,"19":2,"20":1,"21":1,"22":6,"23":6,"24":6,"25":6,"26":4,"27":4,"28":2,"29":1,"30":1,"31":3,"32":3,"33":3,"34":0,"35":0,"36":3,"37":2,"38":1,"39":1,"40":1,"41":1,"42":1,"43":1,"44":3,"45":2,"46":1,"47":1,"48":1,"49":1,"50":1,"51":12,"52":12,"53":1},"f":{"0":6,"1":1,"2":1,"3":1,"4":6,"5":1,"6":3,"7":2,"8":3,"9":2,"10":12},"b":{"0":[2,4],"1":[0,1],"2":[2,2],"3":[1,1],"4":[1,1],"5":[12,6]},"_coverageSchema":"1a1c01bbd47fc00a2c39e90264f33305004495a9","hash":"4abe8a136f097b8ef1f5ef488be3886e48bd7986"}
,"/Users/taniguchimana/workspace/hands_on/chapter7/user-data-storage/models/user.js": {"path":"/Users/taniguchimana/workspace/hands_on/chapter7/user-data-storage/models/user.js","statementMap":{"0":{"start":{"line":1,"column":23},"end":{"line":1,"column":38}},"1":{"start":{"line":5,"column":4},"end":{"line":5,"column":24}},"2":{"start":{"line":6,"column":4},"end":{"line":6,"column":39}},"3":{"start":{"line":7,"column":4},"end":{"line":7,"column":35}},"4":{"start":{"line":8,"column":4},"end":{"line":8,"column":25}},"5":{"start":{"line":9,"column":4},"end":{"line":9,"column":33}},"6":{"start":{"line":13,"column":4},"end":{"line":13,"column":22}},"7":{"start":{"line":17,"column":4},"end":{"line":19,"column":5}},"8":{"start":{"line":18,"column":6},"end":{"line":18,"column":40}},"9":{"start":{"line":20,"column":4},"end":{"line":22,"column":5}},"10":{"start":{"line":21,"column":6},"end":{"line":21,"column":48}},"11":{"start":{"line":23,"column":4},"end":{"line":25,"column":5}},"12":{"start":{"line":24,"column":6},"end":{"line":24,"column":46}},"13":{"start":{"line":26,"column":4},"end":{"line":28,"column":5}},"14":{"start":{"line":27,"column":6},"end":{"line":27,"column":41}},"15":{"start":{"line":29,"column":4},"end":{"line":31,"column":5}},"16":{"start":{"line":30,"column":6},"end":{"line":30,"column":45}},"17":{"start":{"line":35,"column":0},"end":{"line":35,"column":22}}},"fnMap":{"0":{"name":"(anonymous_0)","decl":{"start":{"line":4,"column":2},"end":{"line":4,"column":3}},"loc":{"start":{"line":4,"column":27},"end":{"line":10,"column":3}},"line":4},"1":{"name":"(anonymous_1)","decl":{"start":{"line":12,"column":2},"end":{"line":12,"column":3}},"loc":{"start":{"line":12,"column":10},"end":{"line":14,"column":3}},"line":12},"2":{"name":"(anonymous_2)","decl":{"start":{"line":16,"column":2},"end":{"line":16,"column":3}},"loc":{"start":{"line":16,"column":13},"end":{"line":32,"column":3}},"line":16}},"branchMap":{"0":{"loc":{"start":{"line":4,"column":14},"end":{"line":4,"column":25}},"type":"default-arg","locations":[{"start":{"line":4,"column":23},"end":{"line":4,"column":25}}],"line":4},"1":{"loc":{"start":{"line":17,"column":4},"end":{"line":19,"column":5}},"type":"if","locations":[{"start":{"line":17,"column":4},"end":{"line":19,"column":5}},{"start":{"line":17,"column":4},"end":{"line":19,"column":5}}],"line":17},"2":{"loc":{"start":{"line":17,"column":8},"end":{"line":17,"column":58}},"type":"binary-expr","locations":[{"start":{"line":17,"column":8},"end":{"line":17,"column":35}},{"start":{"line":17,"column":39},"end":{"line":17,"column":58}}],"line":17},"3":{"loc":{"start":{"line":20,"column":4},"end":{"line":22,"column":5}},"type":"if","locations":[{"start":{"line":20,"column":4},"end":{"line":22,"column":5}},{"start":{"line":20,"column":4},"end":{"line":22,"column":5}}],"line":20},"4":{"loc":{"start":{"line":20,"column":8},"end":{"line":20,"column":74}},"type":"binary-expr","locations":[{"start":{"line":20,"column":8},"end":{"line":20,"column":43}},{"start":{"line":20,"column":47},"end":{"line":20,"column":74}}],"line":20},"5":{"loc":{"start":{"line":23,"column":4},"end":{"line":25,"column":5}},"type":"if","locations":[{"start":{"line":23,"column":4},"end":{"line":25,"column":5}},{"start":{"line":23,"column":4},"end":{"line":25,"column":5}}],"line":23},"6":{"loc":{"start":{"line":23,"column":8},"end":{"line":23,"column":70}},"type":"binary-expr","locations":[{"start":{"line":23,"column":8},"end":{"line":23,"column":41}},{"start":{"line":23,"column":45},"end":{"line":23,"column":70}}],"line":23},"7":{"loc":{"start":{"line":26,"column":4},"end":{"line":28,"column":5}},"type":"if","locations":[{"start":{"line":26,"column":4},"end":{"line":28,"column":5}},{"start":{"line":26,"column":4},"end":{"line":28,"column":5}}],"line":26},"8":{"loc":{"start":{"line":26,"column":8},"end":{"line":26,"column":60}},"type":"binary-expr","locations":[{"start":{"line":26,"column":8},"end":{"line":26,"column":36}},{"start":{"line":26,"column":40},"end":{"line":26,"column":60}}],"line":26},"9":{"loc":{"start":{"line":29,"column":4},"end":{"line":31,"column":5}},"type":"if","locations":[{"start":{"line":29,"column":4},"end":{"line":31,"column":5}},{"start":{"line":29,"column":4},"end":{"line":31,"column":5}}],"line":29},"10":{"loc":{"start":{"line":29,"column":8},"end":{"line":29,"column":69}},"type":"binary-expr","locations":[{"start":{"line":29,"column":8},"end":{"line":29,"column":41}},{"start":{"line":29,"column":45},"end":{"line":29,"column":69}}],"line":29}},"s":{"0":3,"1":45,"2":45,"3":45,"4":45,"5":45,"6":6,"7":9,"8":0,"9":9,"10":1,"11":8,"12":1,"13":7,"14":1,"15":6,"16":1,"17":3},"f":{"0":45,"1":6,"2":9},"b":{"0":[0],"1":[0,9],"2":[9,9],"3":[1,8],"4":[9,8],"5":[1,7],"6":[8,7],"7":[1,6],"8":[7,6],"9":[1,5],"10":[6,5]},"_coverageSchema":"1a1c01bbd47fc00a2c39e90264f33305004495a9","hash":"189237dcadfc28be75e8d29b576bde9d2e8bb035"}
,"/Users/taniguchimana/workspace/hands_on/chapter7/user-data-storage/sqlite/index.js": {"path":"/Users/taniguchimana/workspace/hands_on/chapter7/user-data-storage/sqlite/index.js","statementMap":{"0":{"start":{"line":1,"column":20},"end":{"line":1,"column":35}},"1":{"start":{"line":2,"column":15},"end":{"line":2,"column":30}},"2":{"start":{"line":3,"column":13},"end":{"line":3,"column":38}},"3":{"start":{"line":5,"column":16},"end":{"line":8,"column":32}},"4":{"start":{"line":10,"column":11},"end":{"line":10,"column":58}},"5":{"start":{"line":14,"column":14},"end":{"line":14,"column":40}},"6":{"start":{"line":15,"column":14},"end":{"line":15,"column":40}},"7":{"start":{"line":16,"column":14},"end":{"line":25,"column":1}},"8":{"start":{"line":17,"column":2},"end":{"line":24,"column":4}},"9":{"start":{"line":18,"column":4},"end":{"line":23,"column":6}},"10":{"start":{"line":21,"column":8},"end":{"line":21,"column":41}},"11":{"start":{"line":28,"column":0},"end":{"line":38,"column":2}},"12":{"start":{"line":36,"column":2},"end":{"line":36,"column":20}},"13":{"start":{"line":37,"column":2},"end":{"line":37,"column":17}},"14":{"start":{"line":42,"column":2},"end":{"line":42,"column":51}},"15":{"start":{"line":47,"column":0},"end":{"line":49,"column":1}},"16":{"start":{"line":48,"column":2},"end":{"line":48,"column":75}},"17":{"start":{"line":48,"column":51},"end":{"line":48,"column":74}},"18":{"start":{"line":55,"column":0},"end":{"line":61,"column":1}},"19":{"start":{"line":57,"column":2},"end":{"line":60,"column":6}},"20":{"start":{"line":59,"column":6},"end":{"line":59,"column":48}},"21":{"start":{"line":59,"column":29},"end":{"line":59,"column":47}},"22":{"start":{"line":64,"column":0},"end":{"line":67,"column":1}},"23":{"start":{"line":65,"column":2},"end":{"line":66,"column":42}},"24":{"start":{"line":66,"column":18},"end":{"line":66,"column":41}},"25":{"start":{"line":69,"column":0},"end":{"line":78,"column":1}},"26":{"start":{"line":70,"column":2},"end":{"line":77,"column":3}},"27":{"start":{"line":80,"column":0},"end":{"line":100,"column":1}},"28":{"start":{"line":81,"column":21},"end":{"line":81,"column":23}},"29":{"start":{"line":82,"column":17},"end":{"line":82,"column":19}},"30":{"start":{"line":84,"column":2},"end":{"line":89,"column":3}},"31":{"start":{"line":85,"column":4},"end":{"line":88,"column":5}},"32":{"start":{"line":86,"column":6},"end":{"line":86,"column":38}},"33":{"start":{"line":87,"column":6},"end":{"line":87,"column":33}},"34":{"start":{"line":90,"column":2},"end":{"line":90,"column":17}},"35":{"start":{"line":95,"column":2},"end":{"line":99,"column":5}},"36":{"start":{"line":96,"column":25},"end":{"line":98,"column":12}},"37":{"start":{"line":97,"column":67},"end":{"line":97,"column":90}},"38":{"start":{"line":102,"column":0},"end":{"line":103,"column":47}},"39":{"start":{"line":102,"column":30},"end":{"line":103,"column":47}},"40":{"start":{"line":103,"column":21},"end":{"line":103,"column":46}}},"fnMap":{"0":{"name":"(anonymous_0)","decl":{"start":{"line":16,"column":14},"end":{"line":16,"column":15}},"loc":{"start":{"line":16,"column":24},"end":{"line":25,"column":1}},"line":16},"1":{"name":"(anonymous_1)","decl":{"start":{"line":17,"column":21},"end":{"line":17,"column":22}},"loc":{"start":{"line":17,"column":41},"end":{"line":24,"column":3}},"line":17},"2":{"name":"(anonymous_2)","decl":{"start":{"line":20,"column":6},"end":{"line":20,"column":7}},"loc":{"start":{"line":20,"column":19},"end":{"line":22,"column":7}},"line":20},"3":{"name":"(anonymous_3)","decl":{"start":{"line":34,"column":10},"end":{"line":34,"column":11}},"loc":{"start":{"line":34,"column":17},"end":{"line":38,"column":1}},"line":34},"4":{"name":"rowToUserdata","decl":{"start":{"line":41,"column":9},"end":{"line":41,"column":22}},"loc":{"start":{"line":41,"column":27},"end":{"line":43,"column":1}},"line":41},"5":{"name":"(anonymous_5)","decl":{"start":{"line":47,"column":19},"end":{"line":47,"column":20}},"loc":{"start":{"line":47,"column":25},"end":{"line":49,"column":1}},"line":47},"6":{"name":"(anonymous_6)","decl":{"start":{"line":48,"column":43},"end":{"line":48,"column":44}},"loc":{"start":{"line":48,"column":51},"end":{"line":48,"column":74}},"line":48},"7":{"name":"(anonymous_7)","decl":{"start":{"line":55,"column":20},"end":{"line":55,"column":21}},"loc":{"start":{"line":55,"column":26},"end":{"line":61,"column":1}},"line":55},"8":{"name":"(anonymous_8)","decl":{"start":{"line":58,"column":10},"end":{"line":58,"column":11}},"loc":{"start":{"line":58,"column":18},"end":{"line":60,"column":5}},"line":58},"9":{"name":"(anonymous_9)","decl":{"start":{"line":59,"column":22},"end":{"line":59,"column":23}},"loc":{"start":{"line":59,"column":29},"end":{"line":59,"column":47}},"line":59},"10":{"name":"(anonymous_10)","decl":{"start":{"line":64,"column":21},"end":{"line":64,"column":22}},"loc":{"start":{"line":64,"column":28},"end":{"line":67,"column":1}},"line":64},"11":{"name":"(anonymous_11)","decl":{"start":{"line":66,"column":10},"end":{"line":66,"column":11}},"loc":{"start":{"line":66,"column":18},"end":{"line":66,"column":41}},"line":66},"12":{"name":"(anonymous_12)","decl":{"start":{"line":69,"column":17},"end":{"line":69,"column":18}},"loc":{"start":{"line":69,"column":35},"end":{"line":78,"column":1}},"line":69},"13":{"name":"(anonymous_13)","decl":{"start":{"line":80,"column":24},"end":{"line":80,"column":25}},"loc":{"start":{"line":80,"column":39},"end":{"line":100,"column":1}},"line":80},"14":{"name":"(anonymous_14)","decl":{"start":{"line":96,"column":10},"end":{"line":96,"column":11}},"loc":{"start":{"line":96,"column":25},"end":{"line":98,"column":12}},"line":96},"15":{"name":"(anonymous_15)","decl":{"start":{"line":97,"column":59},"end":{"line":97,"column":60}},"loc":{"start":{"line":97,"column":67},"end":{"line":97,"column":90}},"line":97},"16":{"name":"(anonymous_16)","decl":{"start":{"line":102,"column":24},"end":{"line":102,"column":25}},"loc":{"start":{"line":102,"column":30},"end":{"line":103,"column":47}},"line":102},"17":{"name":"(anonymous_17)","decl":{"start":{"line":103,"column":6},"end":{"line":103,"column":7}},"loc":{"start":{"line":103,"column":21},"end":{"line":103,"column":46}},"line":103}},"branchMap":{"0":{"loc":{"start":{"line":5,"column":16},"end":{"line":8,"column":32}},"type":"cond-expr","locations":[{"start":{"line":6,"column":4},"end":{"line":6,"column":22}},{"start":{"line":8,"column":4},"end":{"line":8,"column":32}}],"line":5},"1":{"loc":{"start":{"line":21,"column":8},"end":{"line":21,"column":41}},"type":"cond-expr","locations":[{"start":{"line":21,"column":14},"end":{"line":21,"column":25}},{"start":{"line":21,"column":28},"end":{"line":21,"column":41}}],"line":21},"2":{"loc":{"start":{"line":85,"column":4},"end":{"line":88,"column":5}},"type":"if","locations":[{"start":{"line":85,"column":4},"end":{"line":88,"column":5}},{"start":{"line":85,"column":4},"end":{"line":88,"column":5}}],"line":85},"3":{"loc":{"start":{"line":96,"column":25},"end":{"line":98,"column":12}},"type":"cond-expr","locations":[{"start":{"line":97,"column":8},"end":{"line":97,"column":91}},{"start":{"line":98,"column":8},"end":{"line":98,"column":12}}],"line":96},"4":{"loc":{"start":{"line":103,"column":21},"end":{"line":103,"column":46}},"type":"cond-expr","locations":[{"start":{"line":103,"column":37},"end":{"line":103,"column":39}},{"start":{"line":103,"column":42},"end":{"line":103,"column":46}}],"line":103}},"s":{"0":2,"1":2,"2":2,"3":2,"4":2,"5":2,"6":2,"7":2,"8":43,"9":43,"10":43,"11":2,"12":0,"13":0,"14":36,"15":2,"16":13,"17":13,"18":2,"19":2,"20":2,"21":1,"22":2,"23":7,"24":7,"25":2,"26":18,"27":2,"28":4,"29":4,"30":4,"31":16,"32":14,"33":14,"34":4,"35":4,"36":4,"37":3,"38":2,"39":19,"40":19},"f":{"0":43,"1":43,"2":43,"3":0,"4":36,"5":13,"6":13,"7":2,"8":2,"9":1,"10":7,"11":7,"12":18,"13":4,"14":4,"15":3,"16":19,"17":19},"b":{"0":[0,2],"1":[0,43],"2":[14,2],"3":[3,1],"4":[18,1]},"_coverageSchema":"1a1c01bbd47fc00a2c39e90264f33305004495a9","hash":"da3b9305535f9b7ec10aa540e53f55130e5bd24f"}
}
