TN:
SF:app.js
FN:10,(anonymous_0)
FN:14,(anonymous_1)
FN:26,(anonymous_2)
FN:28,(anonymous_3)
FN:32,(anonymous_4)
FN:42,(anonymous_5)
FN:46,(anonymous_6)
FN:61,(anonymous_7)
FN:74,(anonymous_8)
FN:75,(anonymous_9)
FN:88,(anonymous_10)
FNF:11
FNH:11
FNDA:6,(anonymous_0)
FNDA:1,(anonymous_1)
FNDA:1,(anonymous_2)
FNDA:1,(anonymous_3)
FNDA:6,(anonymous_4)
FNDA:1,(anonymous_5)
FNDA:3,(anonymous_6)
FNDA:2,(anonymous_7)
FNDA:3,(anonymous_8)
FNDA:2,(anonymous_9)
FNDA:12,(anonymous_10)
DA:1,1
DA:2,1
DA:3,1
DA:5,1
DA:6,1
DA:7,1
DA:10,1
DA:11,6
DA:12,2
DA:14,2
DA:15,1
DA:16,0
DA:17,0
DA:18,0
DA:20,1
DA:23,4
DA:24,2
DA:26,2
DA:28,2
DA:32,1
DA:33,6
DA:34,6
DA:36,6
DA:37,6
DA:39,4
DA:40,4
DA:42,2
DA:46,1
DA:47,3
DA:53,3
DA:54,3
DA:56,0
DA:57,0
DA:60,3
DA:62,2
DA:63,1
DA:65,1
DA:67,1
DA:68,1
DA:69,1
DA:74,1
DA:75,3
DA:76,2
DA:77,1
DA:79,1
DA:80,1
DA:81,1
DA:88,1
DA:89,12
DA:90,12
DA:93,1
LF:51
LH:46
BRDA:11,0,0,2
BRDA:11,0,1,4
BRDA:15,1,0,0
BRDA:15,1,1,1
BRDA:23,2,0,2
BRDA:23,2,1,2
BRDA:62,3,0,1
BRDA:62,3,1,1
BRDA:76,4,0,1
BRDA:76,4,1,1
BRDA:90,5,0,12
BRDA:90,5,1,6
BRF:12
BRH:11
end_of_record
TN:
SF:models/user.js
FN:4,(anonymous_0)
FN:12,(anonymous_1)
FN:16,(anonymous_2)
FNF:3
FNH:3
FNDA:45,(anonymous_0)
FNDA:6,(anonymous_1)
FNDA:9,(anonymous_2)
DA:1,3
DA:5,45
DA:6,45
DA:7,45
DA:8,45
DA:9,45
DA:13,6
DA:17,9
DA:18,0
DA:20,9
DA:21,1
DA:23,8
DA:24,1
DA:26,7
DA:27,1
DA:29,6
DA:30,1
DA:35,3
LF:18
LH:17
BRDA:4,0,0,0
BRDA:17,1,0,0
BRDA:17,1,1,9
BRDA:17,2,0,9
BRDA:17,2,1,9
BRDA:20,3,0,1
BRDA:20,3,1,8
BRDA:20,4,0,9
BRDA:20,4,1,8
BRDA:23,5,0,1
BRDA:23,5,1,7
BRDA:23,6,0,8
BRDA:23,6,1,7
BRDA:26,7,0,1
BRDA:26,7,1,6
BRDA:26,8,0,7
BRDA:26,8,1,6
BRDA:29,9,0,1
BRDA:29,9,1,5
BRDA:29,10,0,6
BRDA:29,10,1,5
BRF:21
BRH:19
end_of_record
TN:
SF:sqlite/index.js
FN:16,(anonymous_0)
FN:17,(anonymous_1)
FN:20,(anonymous_2)
FN:34,(anonymous_3)
FN:41,rowToUserdata
FN:47,(anonymous_5)
FN:48,(anonymous_6)
FN:55,(anonymous_7)
FN:58,(anonymous_8)
FN:59,(anonymous_9)
FN:64,(anonymous_10)
FN:66,(anonymous_11)
FN:69,(anonymous_12)
FN:80,(anonymous_13)
FN:96,(anonymous_14)
FN:97,(anonymous_15)
FN:102,(anonymous_16)
FN:103,(anonymous_17)
FNF:18
FNH:17
FNDA:43,(anonymous_0)
FNDA:43,(anonymous_1)
FNDA:43,(anonymous_2)
FNDA:0,(anonymous_3)
FNDA:36,rowToUserdata
FNDA:13,(anonymous_5)
FNDA:13,(anonymous_6)
FNDA:2,(anonymous_7)
FNDA:2,(anonymous_8)
FNDA:1,(anonymous_9)
FNDA:7,(anonymous_10)
FNDA:7,(anonymous_11)
FNDA:18,(anonymous_12)
FNDA:4,(anonymous_13)
FNDA:4,(anonymous_14)
FNDA:3,(anonymous_15)
FNDA:19,(anonymous_16)
FNDA:19,(anonymous_17)
DA:1,2
DA:2,2
DA:3,2
DA:5,2
DA:10,2
DA:14,2
DA:15,2
DA:16,2
DA:17,43
DA:18,43
DA:21,43
DA:28,2
DA:36,0
DA:37,0
DA:42,36
DA:47,2
DA:48,13
DA:55,2
DA:57,2
DA:59,2
DA:64,2
DA:65,7
DA:66,7
DA:69,2
DA:70,18
DA:80,2
DA:81,4
DA:82,4
DA:84,4
DA:85,16
DA:86,14
DA:87,14
DA:90,4
DA:95,4
DA:96,4
DA:97,3
DA:102,19
DA:103,19
LF:38
LH:36
BRDA:5,0,0,0
BRDA:5,0,1,2
BRDA:21,1,0,0
BRDA:21,1,1,43
BRDA:85,2,0,14
BRDA:85,2,1,2
BRDA:96,3,0,3
BRDA:96,3,1,1
BRDA:103,4,0,18
BRDA:103,4,1,1
BRF:10
BRH:8
end_of_record
